2026-07-20 02:01:32,954 | INFO | Starting pipeline
2026-07-20 02:01:32,956 | INFO | No --input provided; using discovered workbook: C:\Users\Data Mining Legend\Desktop\Github projects\drilling\Drilling by Hole_3167_1136_086_001_2026-01-29T07_58_47.818Z.xlsx
2026-07-20 02:01:32,956 | INFO | Reading C:\Users\Data Mining Legend\Desktop\Github projects\drilling\Drilling by Hole_3167_1136_086_001_2026-01-29T07_58_47.818Z.xlsx
2026-07-20 02:01:33,506 | INFO | Loaded 749 rows; 663 valid for modelling
2026-07-20 02:01:43,182 | INFO | Using categorical units to plot a list of strings that are all parsable as floats or dates. If these strings should be plotted as numbers, cast to the appropriate data type before plotting.
2026-07-20 02:01:43,184 | INFO | Using categorical units to plot a list of strings that are all parsable as floats or dates. If these strings should be plotted as numbers, cast to the appropriate data type before plotting.
2026-07-20 02:01:45,666 | INFO | Regression: DummyMedian
2026-07-20 02:01:45,936 | INFO | Regression: Ridge
2026-07-20 02:01:46,449 | INFO | Regression: ElasticNet
2026-07-20 02:01:46,725 | INFO | Regression: Huber
2026-07-20 02:01:47,163 | INFO | Regression: KNN
2026-07-20 02:01:47,422 | INFO | Regression: SVR_RBF
2026-07-20 02:01:47,826 | INFO | Regression: RandomForest
2026-07-20 02:01:53,816 | INFO | Regression: ExtraTrees
2026-07-20 02:01:59,357 | INFO | Regression: AdaBoost
2026-07-20 02:02:03,738 | INFO | Regression: GradientBoosting
2026-07-20 02:02:11,674 | INFO | Regression: HistGradientBoosting
2026-07-20 02:02:17,559 | INFO | Regression: XGBoost
2026-07-20 02:02:20,187 | INFO | Regression: LightGBM
2026-07-20 02:02:22,094 | INFO | Regression: CatBoost
2026-07-20 02:02:39,884 | INFO | Classification: DummyPrior
2026-07-20 02:02:40,335 | INFO | Classification: LogisticRegression
2026-07-20 02:02:40,915 | INFO | Classification: KNN
2026-07-20 02:02:41,334 | INFO | Classification: SVC_RBF
2026-07-20 02:02:42,913 | INFO | Classification: RandomForest
2026-07-20 02:02:55,467 | INFO | Classification: ExtraTrees
2026-07-20 02:03:03,704 | INFO | Classification: AdaBoost
2026-07-20 02:03:08,305 | INFO | Classification: GradientBoosting
2026-07-20 02:03:11,567 | INFO | Classification: HistGradientBoosting
2026-07-20 02:03:15,404 | INFO | Classification: XGBoost
2026-07-20 02:03:16,794 | INFO | Classification: LightGBM
2026-07-20 02:03:18,369 | INFO | Classification: CatBoost
2026-07-20 02:04:17,681 | WARNING | SHAP skipped: list index out of range
2026-07-20 02:04:17,716 | INFO | Complete: C:\Users\Data Mining Legend\Desktop\Github projects\drilling\drill_outputs
